  Source.cpp
c:\users\lockwar\source\repos\zadachabazovo\zadachabazovo\source.cpp(23): warning C4566: character represented by universal-character-name '\u041A' cannot be represented in the current code page (1252)
c:\users\lockwar\source\repos\zadachabazovo\zadachabazovo\source.cpp(23): warning C4566: character represented by universal-character-name '\u043E' cannot be represented in the current code page (1252)
c:\users\lockwar\source\repos\zadachabazovo\zadachabazovo\source.cpp(23): warning C4566: character represented by universal-character-name '\u043B' cannot be represented in the current code page (1252)
c:\users\lockwar\source\repos\zadachabazovo\zadachabazovo\source.cpp(23): warning C4566: character represented by universal-character-name '\u043A' cannot be represented in the current code page (1252)
c:\users\lockwar\source\repos\zadachabazovo\zadachabazovo\source.cpp(23): warning C4566: character represented by universal-character-name '\u0437' cannot be represented in the current code page (1252)
c:\users\lockwar\source\repos\zadachabazovo\zadachabazovo\source.cpp(23): warning C4566: character represented by universal-character-name '\u0430' cannot be represented in the current code page (1252)
c:\users\lockwar\source\repos\zadachabazovo\zadachabazovo\source.cpp(23): warning C4566: character represented by universal-character-name '\u043F' cannot be represented in the current code page (1252)
c:\users\lockwar\source\repos\zadachabazovo\zadachabazovo\source.cpp(23): warning C4566: character represented by universal-character-name '\u0438' cannot be represented in the current code page (1252)
c:\users\lockwar\source\repos\zadachabazovo\zadachabazovo\source.cpp(23): warning C4566: character represented by universal-character-name '\u0441' cannot be represented in the current code page (1252)
c:\users\lockwar\source\repos\zadachabazovo\zadachabazovo\source.cpp(23): warning C4566: character represented by universal-character-name '\u0442' cannot be represented in the current code page (1252)
c:\users\lockwar\source\repos\zadachabazovo\zadachabazovo\source.cpp(23): warning C4566: character represented by universal-character-name '\u0435' cannot be represented in the current code page (1252)
c:\users\lockwar\source\repos\zadachabazovo\zadachabazovo\source.cpp(23): warning C4566: character represented by universal-character-name '\u0434' cannot be represented in the current code page (1252)
c:\users\lockwar\source\repos\zadachabazovo\zadachabazovo\source.cpp(23): warning C4566: character represented by universal-character-name '\u0431' cannot be represented in the current code page (1252)
c:\users\lockwar\source\repos\zadachabazovo\zadachabazovo\source.cpp(23): warning C4566: character represented by universal-character-name '\u0432' cannot be represented in the current code page (1252)
c:\users\lockwar\source\repos\zadachabazovo\zadachabazovo\source.cpp(26): warning C4566: character represented by universal-character-name '\u0412' cannot be represented in the current code page (1252)
c:\users\lockwar\source\repos\zadachabazovo\zadachabazovo\source.cpp(26): warning C4566: character represented by universal-character-name '\u044A' cannot be represented in the current code page (1252)
c:\users\lockwar\source\repos\zadachabazovo\zadachabazovo\source.cpp(26): warning C4566: character represented by universal-character-name '\u0432' cannot be represented in the current code page (1252)
c:\users\lockwar\source\repos\zadachabazovo\zadachabazovo\source.cpp(26): warning C4566: character represented by universal-character-name '\u0435' cannot be represented in the current code page (1252)
c:\users\lockwar\source\repos\zadachabazovo\zadachabazovo\source.cpp(26): warning C4566: character represented by universal-character-name '\u0434' cannot be represented in the current code page (1252)
c:\users\lockwar\source\repos\zadachabazovo\zadachabazovo\source.cpp(26): warning C4566: character represented by universal-character-name '\u0442' cannot be represented in the current code page (1252)
c:\users\lockwar\source\repos\zadachabazovo\zadachabazovo\source.cpp(26): warning C4566: character represented by universal-character-name '\u0430' cannot be represented in the current code page (1252)
c:\users\lockwar\source\repos\zadachabazovo\zadachabazovo\source.cpp(26): warning C4566: character represented by universal-character-name '\u043D' cannot be represented in the current code page (1252)
c:\users\lockwar\source\repos\zadachabazovo\zadachabazovo\source.cpp(26): warning C4566: character represented by universal-character-name '\u0438' cannot be represented in the current code page (1252)
c:\users\lockwar\source\repos\zadachabazovo\zadachabazovo\source.cpp(26): warning C4566: character represented by universal-character-name '\u0441' cannot be represented in the current code page (1252)
c:\users\lockwar\source\repos\zadachabazovo\zadachabazovo\source.cpp(26): warning C4566: character represented by universal-character-name '\u0443' cannot be represented in the current code page (1252)
c:\users\lockwar\source\repos\zadachabazovo\zadachabazovo\source.cpp(26): warning C4566: character represented by universal-character-name '\u043E' cannot be represented in the current code page (1252)
c:\users\lockwar\source\repos\zadachabazovo\zadachabazovo\source.cpp(26): warning C4566: character represented by universal-character-name '\u043C' cannot be represented in the current code page (1252)
c:\users\lockwar\source\repos\zadachabazovo\zadachabazovo\source.cpp(26): warning C4566: character represented by universal-character-name '\u0440' cannot be represented in the current code page (1252)
c:\users\lockwar\source\repos\zadachabazovo\zadachabazovo\source.cpp(27): warning C4566: character represented by universal-character-name '\u0412' cannot be represented in the current code page (1252)
c:\users\lockwar\source\repos\zadachabazovo\zadachabazovo\source.cpp(27): warning C4566: character represented by universal-character-name '\u044A' cannot be represented in the current code page (1252)
c:\users\lockwar\source\repos\zadachabazovo\zadachabazovo\source.cpp(27): warning C4566: character represented by universal-character-name '\u0432' cannot be represented in the current code page (1252)
c:\users\lockwar\source\repos\zadachabazovo\zadachabazovo\source.cpp(27): warning C4566: character represented by universal-character-name '\u0435' cannot be represented in the current code page (1252)
c:\users\lockwar\source\repos\zadachabazovo\zadachabazovo\source.cpp(27): warning C4566: character represented by universal-character-name '\u0434' cannot be represented in the current code page (1252)
c:\users\lockwar\source\repos\zadachabazovo\zadachabazovo\source.cpp(27): warning C4566: character represented by universal-character-name '\u0438' cannot be represented in the current code page (1252)
c:\users\lockwar\source\repos\zadachabazovo\zadachabazovo\source.cpp(27): warning C4566: character represented by universal-character-name '\u043C' cannot be represented in the current code page (1252)
c:\users\lockwar\source\repos\zadachabazovo\zadachabazovo\source.cpp(30): warning C4566: character represented by universal-character-name '\u0412' cannot be represented in the current code page (1252)
c:\users\lockwar\source\repos\zadachabazovo\zadachabazovo\source.cpp(30): warning C4566: character represented by universal-character-name '\u044A' cannot be represented in the current code page (1252)
c:\users\lockwar\source\repos\zadachabazovo\zadachabazovo\source.cpp(30): warning C4566: character represented by universal-character-name '\u0432' cannot be represented in the current code page (1252)
c:\users\lockwar\source\repos\zadachabazovo\zadachabazovo\source.cpp(30): warning C4566: character represented by universal-character-name '\u0435' cannot be represented in the current code page (1252)
c:\users\lockwar\source\repos\zadachabazovo\zadachabazovo\source.cpp(30): warning C4566: character represented by universal-character-name '\u0434' cannot be represented in the current code page (1252)
c:\users\lockwar\source\repos\zadachabazovo\zadachabazovo\source.cpp(30): warning C4566: character represented by universal-character-name '\u0438' cannot be represented in the current code page (1252)
c:\users\lockwar\source\repos\zadachabazovo\zadachabazovo\source.cpp(30): warning C4566: character represented by universal-character-name '\u0444' cannot be represented in the current code page (1252)
c:\users\lockwar\source\repos\zadachabazovo\zadachabazovo\source.cpp(30): warning C4566: character represented by universal-character-name '\u0430' cannot be represented in the current code page (1252)
c:\users\lockwar\source\repos\zadachabazovo\zadachabazovo\source.cpp(30): warning C4566: character represented by universal-character-name '\u043C' cannot be represented in the current code page (1252)
c:\users\lockwar\source\repos\zadachabazovo\zadachabazovo\source.cpp(30): warning C4566: character represented by universal-character-name '\u043B' cannot be represented in the current code page (1252)
c:\users\lockwar\source\repos\zadachabazovo\zadachabazovo\source.cpp(30): warning C4566: character represented by universal-character-name '\u044F' cannot be represented in the current code page (1252)
c:\users\lockwar\source\repos\zadachabazovo\zadachabazovo\source.cpp(32): warning C4566: character represented by universal-character-name '\u0412' cannot be represented in the current code page (1252)
c:\users\lockwar\source\repos\zadachabazovo\zadachabazovo\source.cpp(32): warning C4566: character represented by universal-character-name '\u044A' cannot be represented in the current code page (1252)
c:\users\lockwar\source\repos\zadachabazovo\zadachabazovo\source.cpp(32): warning C4566: character represented by universal-character-name '\u0432' cannot be represented in the current code page (1252)
c:\users\lockwar\source\repos\zadachabazovo\zadachabazovo\source.cpp(32): warning C4566: character represented by universal-character-name '\u0435' cannot be represented in the current code page (1252)
c:\users\lockwar\source\repos\zadachabazovo\zadachabazovo\source.cpp(32): warning C4566: character represented by universal-character-name '\u0434' cannot be represented in the current code page (1252)
c:\users\lockwar\source\repos\zadachabazovo\zadachabazovo\source.cpp(32): warning C4566: character represented by universal-character-name '\u0438' cannot be represented in the current code page (1252)
c:\users\lockwar\source\repos\zadachabazovo\zadachabazovo\source.cpp(32): warning C4566: character represented by universal-character-name '\u0424' cannot be represented in the current code page (1252)
c:\users\lockwar\source\repos\zadachabazovo\zadachabazovo\source.cpp(32): warning C4566: character represented by universal-character-name '\u041D' cannot be represented in the current code page (1252)
c:\users\lockwar\source\repos\zadachabazovo\zadachabazovo\source.cpp(34): warning C4566: character represented by universal-character-name '\u0412' cannot be represented in the current code page (1252)
c:\users\lockwar\source\repos\zadachabazovo\zadachabazovo\source.cpp(34): warning C4566: character represented by universal-character-name '\u044A' cannot be represented in the current code page (1252)
c:\users\lockwar\source\repos\zadachabazovo\zadachabazovo\source.cpp(34): warning C4566: character represented by universal-character-name '\u0432' cannot be represented in the current code page (1252)
c:\users\lockwar\source\repos\zadachabazovo\zadachabazovo\source.cpp(34): warning C4566: character represented by universal-character-name '\u0435' cannot be represented in the current code page (1252)
c:\users\lockwar\source\repos\zadachabazovo\zadachabazovo\source.cpp(34): warning C4566: character represented by universal-character-name '\u0434' cannot be represented in the current code page (1252)
c:\users\lockwar\source\repos\zadachabazovo\zadachabazovo\source.cpp(34): warning C4566: character represented by universal-character-name '\u0438' cannot be represented in the current code page (1252)
c:\users\lockwar\source\repos\zadachabazovo\zadachabazovo\source.cpp(34): warning C4566: character represented by universal-character-name '\u0443' cannot be represented in the current code page (1252)
c:\users\lockwar\source\repos\zadachabazovo\zadachabazovo\source.cpp(34): warning C4566: character represented by universal-character-name '\u0441' cannot be represented in the current code page (1252)
c:\users\lockwar\source\repos\zadachabazovo\zadachabazovo\source.cpp(34): warning C4566: character represented by universal-character-name '\u043F' cannot be represented in the current code page (1252)
c:\users\lockwar\source\repos\zadachabazovo\zadachabazovo\source.cpp(34): warning C4566: character represented by universal-character-name '\u0445' cannot be represented in the current code page (1252)
c:\users\lockwar\source\repos\zadachabazovo\zadachabazovo\source.cpp(53): warning C4566: character represented by universal-character-name '\u0418' cannot be represented in the current code page (1252)
c:\users\lockwar\source\repos\zadachabazovo\zadachabazovo\source.cpp(53): warning C4566: character represented by universal-character-name '\u043C' cannot be represented in the current code page (1252)
c:\users\lockwar\source\repos\zadachabazovo\zadachabazovo\source.cpp(53): warning C4566: character represented by universal-character-name '\u0435' cannot be represented in the current code page (1252)
c:\users\lockwar\source\repos\zadachabazovo\zadachabazovo\source.cpp(54): warning C4566: character represented by universal-character-name '\u0424' cannot be represented in the current code page (1252)
c:\users\lockwar\source\repos\zadachabazovo\zadachabazovo\source.cpp(54): warning C4566: character represented by universal-character-name '\u0430' cannot be represented in the current code page (1252)
c:\users\lockwar\source\repos\zadachabazovo\zadachabazovo\source.cpp(54): warning C4566: character represented by universal-character-name '\u043C' cannot be represented in the current code page (1252)
c:\users\lockwar\source\repos\zadachabazovo\zadachabazovo\source.cpp(54): warning C4566: character represented by universal-character-name '\u0438' cannot be represented in the current code page (1252)
c:\users\lockwar\source\repos\zadachabazovo\zadachabazovo\source.cpp(54): warning C4566: character represented by universal-character-name '\u043B' cannot be represented in the current code page (1252)
c:\users\lockwar\source\repos\zadachabazovo\zadachabazovo\source.cpp(54): warning C4566: character represented by universal-character-name '\u044F' cannot be represented in the current code page (1252)
c:\users\lockwar\source\repos\zadachabazovo\zadachabazovo\source.cpp(55): warning C4566: character represented by universal-character-name '\u0424' cannot be represented in the current code page (1252)
c:\users\lockwar\source\repos\zadachabazovo\zadachabazovo\source.cpp(55): warning C4566: character represented by universal-character-name '\u041D' cannot be represented in the current code page (1252)
c:\users\lockwar\source\repos\zadachabazovo\zadachabazovo\source.cpp(56): warning C4566: character represented by universal-character-name '\u0423' cannot be represented in the current code page (1252)
c:\users\lockwar\source\repos\zadachabazovo\zadachabazovo\source.cpp(56): warning C4566: character represented by universal-character-name '\u0441' cannot be represented in the current code page (1252)
c:\users\lockwar\source\repos\zadachabazovo\zadachabazovo\source.cpp(56): warning C4566: character represented by universal-character-name '\u043F' cannot be represented in the current code page (1252)
c:\users\lockwar\source\repos\zadachabazovo\zadachabazovo\source.cpp(56): warning C4566: character represented by universal-character-name '\u0435' cannot be represented in the current code page (1252)
c:\users\lockwar\source\repos\zadachabazovo\zadachabazovo\source.cpp(56): warning C4566: character represented by universal-character-name '\u0445' cannot be represented in the current code page (1252)
c:\users\lockwar\source\repos\zadachabazovo\zadachabazovo\source.cpp(62): warning C4566: character represented by universal-character-name '\u0412' cannot be represented in the current code page (1252)
c:\users\lockwar\source\repos\zadachabazovo\zadachabazovo\source.cpp(62): warning C4566: character represented by universal-character-name '\u044A' cannot be represented in the current code page (1252)
c:\users\lockwar\source\repos\zadachabazovo\zadachabazovo\source.cpp(62): warning C4566: character represented by universal-character-name '\u0432' cannot be represented in the current code page (1252)
c:\users\lockwar\source\repos\zadachabazovo\zadachabazovo\source.cpp(62): warning C4566: character represented by universal-character-name '\u0435' cannot be represented in the current code page (1252)
c:\users\lockwar\source\repos\zadachabazovo\zadachabazovo\source.cpp(62): warning C4566: character represented by universal-character-name '\u0434' cannot be represented in the current code page (1252)
c:\users\lockwar\source\repos\zadachabazovo\zadachabazovo\source.cpp(62): warning C4566: character represented by universal-character-name '\u0442' cannot be represented in the current code page (1252)
c:\users\lockwar\source\repos\zadachabazovo\zadachabazovo\source.cpp(62): warning C4566: character represented by universal-character-name '\u0440' cannot be represented in the current code page (1252)
c:\users\lockwar\source\repos\zadachabazovo\zadachabazovo\source.cpp(62): warning C4566: character represented by universal-character-name '\u0441' cannot be represented in the current code page (1252)
c:\users\lockwar\source\repos\zadachabazovo\zadachabazovo\source.cpp(62): warning C4566: character represented by universal-character-name '\u043D' cannot be represented in the current code page (1252)
c:\users\lockwar\source\repos\zadachabazovo\zadachabazovo\source.cpp(62): warning C4566: character represented by universal-character-name '\u0438' cannot be represented in the current code page (1252)
c:\users\lockwar\source\repos\zadachabazovo\zadachabazovo\source.cpp(62): warning C4566: character represented by universal-character-name '\u044F' cannot be represented in the current code page (1252)
c:\users\lockwar\source\repos\zadachabazovo\zadachabazovo\source.cpp(62): warning C4566: character represented by universal-character-name '\u0424' cannot be represented in the current code page (1252)
c:\users\lockwar\source\repos\zadachabazovo\zadachabazovo\source.cpp(62): warning C4566: character represented by universal-character-name '\u041D' cannot be represented in the current code page (1252)
c:\users\lockwar\source\repos\zadachabazovo\zadachabazovo\source.cpp(67): warning C4566: character represented by universal-character-name '\u041D' cannot be represented in the current code page (1252)
c:\users\lockwar\source\repos\zadachabazovo\zadachabazovo\source.cpp(67): warning C4566: character represented by universal-character-name '\u044F' cannot be represented in the current code page (1252)
c:\users\lockwar\source\repos\zadachabazovo\zadachabazovo\source.cpp(67): warning C4566: character represented by universal-character-name '\u043C' cannot be represented in the current code page (1252)
c:\users\lockwar\source\repos\zadachabazovo\zadachabazovo\source.cpp(67): warning C4566: character represented by universal-character-name '\u0430' cannot be represented in the current code page (1252)
c:\users\lockwar\source\repos\zadachabazovo\zadachabazovo\source.cpp(67): warning C4566: character represented by universal-character-name '\u0442' cannot be represented in the current code page (1252)
c:\users\lockwar\source\repos\zadachabazovo\zadachabazovo\source.cpp(67): warning C4566: character represented by universal-character-name '\u043A' cannot be represented in the current code page (1252)
c:\users\lockwar\source\repos\zadachabazovo\zadachabazovo\source.cpp(67): warning C4566: character represented by universal-character-name '\u044A' cannot be represented in the current code page (1252)
c:\users\lockwar\source\repos\zadachabazovo\zadachabazovo\source.cpp(67): warning C4566: character represented by universal-character-name '\u0432' cannot be represented in the current code page (1252)
c:\users\lockwar\source\repos\zadachabazovo\zadachabazovo\source.cpp(67): warning C4566: character represented by universal-character-name '\u0441' cannot be represented in the current code page (1252)
c:\users\lockwar\source\repos\zadachabazovo\zadachabazovo\source.cpp(67): warning C4566: character represented by universal-character-name '\u0443' cannot be represented in the current code page (1252)
c:\users\lockwar\source\repos\zadachabazovo\zadachabazovo\source.cpp(67): warning C4566: character represented by universal-character-name '\u0434' cannot be represented in the current code page (1252)
c:\users\lockwar\source\repos\zadachabazovo\zadachabazovo\source.cpp(67): warning C4566: character represented by universal-character-name '\u0435' cannot be represented in the current code page (1252)
c:\users\lockwar\source\repos\zadachabazovo\zadachabazovo\source.cpp(67): warning C4566: character represented by universal-character-name '\u043D' cannot be represented in the current code page (1252)
c:\users\lockwar\source\repos\zadachabazovo\zadachabazovo\source.cpp(77): warning C4566: character represented by universal-character-name '\u041C' cannot be represented in the current code page (1252)
c:\users\lockwar\source\repos\zadachabazovo\zadachabazovo\source.cpp(77): warning C4566: character represented by universal-character-name '\u0435' cannot be represented in the current code page (1252)
c:\users\lockwar\source\repos\zadachabazovo\zadachabazovo\source.cpp(77): warning C4566: character represented by universal-character-name '\u043D' cannot be represented in the current code page (1252)
c:\users\lockwar\source\repos\zadachabazovo\zadachabazovo\source.cpp(77): warning C4566: character represented by universal-character-name '\u044E' cannot be represented in the current code page (1252)
c:\users\lockwar\source\repos\zadachabazovo\zadachabazovo\source.cpp(78): warning C4566: character represented by universal-character-name '\u0414' cannot be represented in the current code page (1252)
c:\users\lockwar\source\repos\zadachabazovo\zadachabazovo\source.cpp(78): warning C4566: character represented by universal-character-name '\u043E' cannot be represented in the current code page (1252)
c:\users\lockwar\source\repos\zadachabazovo\zadachabazovo\source.cpp(78): warning C4566: character represented by universal-character-name '\u0431' cannot be represented in the current code page (1252)
c:\users\lockwar\source\repos\zadachabazovo\zadachabazovo\source.cpp(78): warning C4566: character represented by universal-character-name '\u0430' cannot be represented in the current code page (1252)
c:\users\lockwar\source\repos\zadachabazovo\zadachabazovo\source.cpp(78): warning C4566: character represented by universal-character-name '\u0432' cannot be represented in the current code page (1252)
c:\users\lockwar\source\repos\zadachabazovo\zadachabazovo\source.cpp(78): warning C4566: character represented by universal-character-name '\u044F' cannot be represented in the current code page (1252)
c:\users\lockwar\source\repos\zadachabazovo\zadachabazovo\source.cpp(78): warning C4566: character represented by universal-character-name '\u043D' cannot be represented in the current code page (1252)
c:\users\lockwar\source\repos\zadachabazovo\zadachabazovo\source.cpp(78): warning C4566: character represented by universal-character-name '\u0435' cannot be represented in the current code page (1252)
c:\users\lockwar\source\repos\zadachabazovo\zadachabazovo\source.cpp(78): warning C4566: character represented by universal-character-name '\u0437' cannot be represented in the current code page (1252)
c:\users\lockwar\source\repos\zadachabazovo\zadachabazovo\source.cpp(78): warning C4566: character represented by universal-character-name '\u043F' cannot be represented in the current code page (1252)
c:\users\lockwar\source\repos\zadachabazovo\zadachabazovo\source.cpp(78): warning C4566: character represented by universal-character-name '\u0438' cannot be represented in the current code page (1252)
c:\users\lockwar\source\repos\zadachabazovo\zadachabazovo\source.cpp(78): warning C4566: character represented by universal-character-name '\u0441' cannot be represented in the current code page (1252)
c:\users\lockwar\source\repos\zadachabazovo\zadachabazovo\source.cpp(79): warning C4566: character represented by universal-character-name '\u0422' cannot be represented in the current code page (1252)
c:\users\lockwar\source\repos\zadachabazovo\zadachabazovo\source.cpp(79): warning C4566: character represented by universal-character-name '\u044A' cannot be represented in the current code page (1252)
c:\users\lockwar\source\repos\zadachabazovo\zadachabazovo\source.cpp(79): warning C4566: character represented by universal-character-name '\u0440' cannot be represented in the current code page (1252)
c:\users\lockwar\source\repos\zadachabazovo\zadachabazovo\source.cpp(79): warning C4566: character represented by universal-character-name '\u0441' cannot be represented in the current code page (1252)
c:\users\lockwar\source\repos\zadachabazovo\zadachabazovo\source.cpp(79): warning C4566: character represented by universal-character-name '\u0435' cannot be represented in the current code page (1252)
c:\users\lockwar\source\repos\zadachabazovo\zadachabazovo\source.cpp(79): warning C4566: character represented by universal-character-name '\u043D' cannot be represented in the current code page (1252)
c:\users\lockwar\source\repos\zadachabazovo\zadachabazovo\source.cpp(79): warning C4566: character represented by universal-character-name '\u0430' cannot be represented in the current code page (1252)
c:\users\lockwar\source\repos\zadachabazovo\zadachabazovo\source.cpp(79): warning C4566: character represented by universal-character-name '\u0442' cannot be represented in the current code page (1252)
c:\users\lockwar\source\repos\zadachabazovo\zadachabazovo\source.cpp(79): warning C4566: character represented by universal-character-name '\u0443' cannot be represented in the current code page (1252)
c:\users\lockwar\source\repos\zadachabazovo\zadachabazovo\source.cpp(79): warning C4566: character represented by universal-character-name '\u0434' cannot be represented in the current code page (1252)
c:\users\lockwar\source\repos\zadachabazovo\zadachabazovo\source.cpp(79): warning C4566: character represented by universal-character-name '\u043F' cannot be represented in the current code page (1252)
c:\users\lockwar\source\repos\zadachabazovo\zadachabazovo\source.cpp(79): warning C4566: character represented by universal-character-name '\u043E' cannot be represented in the current code page (1252)
c:\users\lockwar\source\repos\zadachabazovo\zadachabazovo\source.cpp(79): warning C4566: character represented by universal-character-name '\u0424' cannot be represented in the current code page (1252)
c:\users\lockwar\source\repos\zadachabazovo\zadachabazovo\source.cpp(79): warning C4566: character represented by universal-character-name '\u041D' cannot be represented in the current code page (1252)
c:\users\lockwar\source\repos\zadachabazovo\zadachabazovo\source.cpp(80): warning C4566: character represented by universal-character-name '\u0418' cannot be represented in the current code page (1252)
c:\users\lockwar\source\repos\zadachabazovo\zadachabazovo\source.cpp(80): warning C4566: character represented by universal-character-name '\u0437' cannot be represented in the current code page (1252)
c:\users\lockwar\source\repos\zadachabazovo\zadachabazovo\source.cpp(80): warning C4566: character represented by universal-character-name '\u0432' cannot be represented in the current code page (1252)
c:\users\lockwar\source\repos\zadachabazovo\zadachabazovo\source.cpp(80): warning C4566: character represented by universal-character-name '\u0435' cannot be represented in the current code page (1252)
c:\users\lockwar\source\repos\zadachabazovo\zadachabazovo\source.cpp(80): warning C4566: character represented by universal-character-name '\u0436' cannot be represented in the current code page (1252)
c:\users\lockwar\source\repos\zadachabazovo\zadachabazovo\source.cpp(80): warning C4566: character represented by universal-character-name '\u0434' cannot be represented in the current code page (1252)
c:\users\lockwar\source\repos\zadachabazovo\zadachabazovo\source.cpp(80): warning C4566: character represented by universal-character-name '\u0430' cannot be represented in the current code page (1252)
c:\users\lockwar\source\repos\zadachabazovo\zadachabazovo\source.cpp(80): warning C4566: character represented by universal-character-name '\u043D' cannot be represented in the current code page (1252)
c:\users\lockwar\source\repos\zadachabazovo\zadachabazovo\source.cpp(80): warning C4566: character represented by universal-character-name '\u0438' cannot be represented in the current code page (1252)
c:\users\lockwar\source\repos\zadachabazovo\zadachabazovo\source.cpp(80): warning C4566: character represented by universal-character-name '\u0442' cannot be represented in the current code page (1252)
c:\users\lockwar\source\repos\zadachabazovo\zadachabazovo\source.cpp(80): warning C4566: character represented by universal-character-name '\u0441' cannot be represented in the current code page (1252)
c:\users\lockwar\source\repos\zadachabazovo\zadachabazovo\source.cpp(80): warning C4566: character represented by universal-character-name '\u0443' cannot be represented in the current code page (1252)
c:\users\lockwar\source\repos\zadachabazovo\zadachabazovo\source.cpp(80): warning C4566: character represented by universal-character-name '\u0439' cannot be represented in the current code page (1252)
c:\users\lockwar\source\repos\zadachabazovo\zadachabazovo\source.cpp(80): warning C4566: character represented by universal-character-name '\u043E' cannot be represented in the current code page (1252)
c:\users\lockwar\source\repos\zadachabazovo\zadachabazovo\source.cpp(80): warning C4566: character represented by universal-character-name '\u043A' cannot be represented in the current code page (1252)
c:\users\lockwar\source\repos\zadachabazovo\zadachabazovo\source.cpp(80): warning C4566: character represented by universal-character-name '\u043F' cannot be represented in the current code page (1252)
c:\users\lockwar\source\repos\zadachabazovo\zadachabazovo\source.cpp(80): warning C4566: character represented by universal-character-name '\u0445' cannot be represented in the current code page (1252)
c:\users\lockwar\source\repos\zadachabazovo\zadachabazovo\source.cpp(81): warning C4566: character represented by universal-character-name '\u0418' cannot be represented in the current code page (1252)
c:\users\lockwar\source\repos\zadachabazovo\zadachabazovo\source.cpp(81): warning C4566: character represented by universal-character-name '\u0437' cannot be represented in the current code page (1252)
c:\users\lockwar\source\repos\zadachabazovo\zadachabazovo\source.cpp(81): warning C4566: character represented by universal-character-name '\u0432' cannot be represented in the current code page (1252)
c:\users\lockwar\source\repos\zadachabazovo\zadachabazovo\source.cpp(81): warning C4566: character represented by universal-character-name '\u0435' cannot be represented in the current code page (1252)
c:\users\lockwar\source\repos\zadachabazovo\zadachabazovo\source.cpp(81): warning C4566: character represented by universal-character-name '\u0436' cannot be represented in the current code page (1252)
c:\users\lockwar\source\repos\zadachabazovo\zadachabazovo\source.cpp(81): warning C4566: character represented by universal-character-name '\u0434' cannot be represented in the current code page (1252)
c:\users\lockwar\source\repos\zadachabazovo\zadachabazovo\source.cpp(81): warning C4566: character represented by universal-character-name '\u0430' cannot be represented in the current code page (1252)
c:\users\lockwar\source\repos\zadachabazovo\zadachabazovo\source.cpp(81): warning C4566: character represented by universal-character-name '\u043D' cannot be represented in the current code page (1252)
c:\users\lockwar\source\repos\zadachabazovo\zadachabazovo\source.cpp(81): warning C4566: character represented by universal-character-name '\u0438' cannot be represented in the current code page (1252)
c:\users\lockwar\source\repos\zadachabazovo\zadachabazovo\source.cpp(81): warning C4566: character represented by universal-character-name '\u0442' cannot be represented in the current code page (1252)
c:\users\lockwar\source\repos\zadachabazovo\zadachabazovo\source.cpp(81): warning C4566: character represented by universal-character-name '\u0441' cannot be represented in the current code page (1252)
c:\users\lockwar\source\repos\zadachabazovo\zadachabazovo\source.cpp(81): warning C4566: character represented by universal-character-name '\u0447' cannot be represented in the current code page (1252)
c:\users\lockwar\source\repos\zadachabazovo\zadachabazovo\source.cpp(81): warning C4566: character represented by universal-character-name '\u043A' cannot be represented in the current code page (1252)
c:\users\lockwar\source\repos\zadachabazovo\zadachabazovo\source.cpp(81): warning C4566: character represented by universal-character-name '\u0443' cannot be represented in the current code page (1252)
c:\users\lockwar\source\repos\zadachabazovo\zadachabazovo\source.cpp(82): warning C4566: character represented by universal-character-name '\u0412' cannot be represented in the current code page (1252)
c:\users\lockwar\source\repos\zadachabazovo\zadachabazovo\source.cpp(82): warning C4566: character represented by universal-character-name '\u044A' cannot be represented in the current code page (1252)
c:\users\lockwar\source\repos\zadachabazovo\zadachabazovo\source.cpp(82): warning C4566: character represented by universal-character-name '\u0432' cannot be represented in the current code page (1252)
c:\users\lockwar\source\repos\zadachabazovo\zadachabazovo\source.cpp(82): warning C4566: character represented by universal-character-name '\u0435' cannot be represented in the current code page (1252)
c:\users\lockwar\source\repos\zadachabazovo\zadachabazovo\source.cpp(82): warning C4566: character represented by universal-character-name '\u0434' cannot be represented in the current code page (1252)
c:\users\lockwar\source\repos\zadachabazovo\zadachabazovo\source.cpp(82): warning C4566: character represented by universal-character-name '\u0442' cannot be represented in the current code page (1252)
c:\users\lockwar\source\repos\zadachabazovo\zadachabazovo\source.cpp(82): warning C4566: character represented by universal-character-name '\u0430' cannot be represented in the current code page (1252)
c:\users\lockwar\source\repos\zadachabazovo\zadachabazovo\source.cpp(82): warning C4566: character represented by universal-character-name '\u0448' cannot be represented in the current code page (1252)
c:\users\lockwar\source\repos\zadachabazovo\zadachabazovo\source.cpp(82): warning C4566: character represented by universal-character-name '\u0438' cannot be represented in the current code page (1252)
c:\users\lockwar\source\repos\zadachabazovo\zadachabazovo\source.cpp(82): warning C4566: character represented by universal-character-name '\u044F' cannot be represented in the current code page (1252)
c:\users\lockwar\source\repos\zadachabazovo\zadachabazovo\source.cpp(82): warning C4566: character represented by universal-character-name '\u0437' cannot be represented in the current code page (1252)
c:\users\lockwar\source\repos\zadachabazovo\zadachabazovo\source.cpp(82): warning C4566: character represented by universal-character-name '\u0431' cannot be represented in the current code page (1252)
c:\users\lockwar\source\repos\zadachabazovo\zadachabazovo\source.cpp(82): warning C4566: character represented by universal-character-name '\u043E' cannot be represented in the current code page (1252)
c:\users\lockwar\source\repos\zadachabazovo\zadachabazovo\source.cpp(82): warning C4566: character represented by universal-character-name '\u0440' cannot be represented in the current code page (1252)
c:\users\lockwar\source\repos\zadachabazovo\zadachabazovo\source.cpp(88): warning C4566: character represented by universal-character-name '\u0421' cannot be represented in the current code page (1252)
c:\users\lockwar\source\repos\zadachabazovo\zadachabazovo\source.cpp(88): warning C4566: character represented by universal-character-name '\u0442' cannot be represented in the current code page (1252)
c:\users\lockwar\source\repos\zadachabazovo\zadachabazovo\source.cpp(88): warning C4566: character represented by universal-character-name '\u0443' cannot be represented in the current code page (1252)
c:\users\lockwar\source\repos\zadachabazovo\zadachabazovo\source.cpp(88): warning C4566: character represented by universal-character-name '\u0434' cannot be represented in the current code page (1252)
c:\users\lockwar\source\repos\zadachabazovo\zadachabazovo\source.cpp(88): warning C4566: character represented by universal-character-name '\u0435' cannot be represented in the current code page (1252)
c:\users\lockwar\source\repos\zadachabazovo\zadachabazovo\source.cpp(88): warning C4566: character represented by universal-character-name '\u043D' cannot be represented in the current code page (1252)
c:\users\lockwar\source\repos\zadachabazovo\zadachabazovo\source.cpp(88): warning C4566: character represented by universal-character-name '\u044A' cannot be represented in the current code page (1252)
c:\users\lockwar\source\repos\zadachabazovo\zadachabazovo\source.cpp(88): warning C4566: character represented by universal-character-name '\u0441' cannot be represented in the current code page (1252)
c:\users\lockwar\source\repos\zadachabazovo\zadachabazovo\source.cpp(88): warning C4566: character represented by universal-character-name '\u0430' cannot be represented in the current code page (1252)
c:\users\lockwar\source\repos\zadachabazovo\zadachabazovo\source.cpp(88): warning C4566: character represented by universal-character-name '\u0439' cannot be represented in the current code page (1252)
c:\users\lockwar\source\repos\zadachabazovo\zadachabazovo\source.cpp(88): warning C4566: character represented by universal-character-name '\u0432' cannot be represented in the current code page (1252)
c:\users\lockwar\source\repos\zadachabazovo\zadachabazovo\source.cpp(88): warning C4566: character represented by universal-character-name '\u0438' cannot be represented in the current code page (1252)
c:\users\lockwar\source\repos\zadachabazovo\zadachabazovo\source.cpp(88): warning C4566: character represented by universal-character-name '\u043E' cannot be represented in the current code page (1252)
c:\users\lockwar\source\repos\zadachabazovo\zadachabazovo\source.cpp(88): warning C4566: character represented by universal-character-name '\u043A' cannot be represented in the current code page (1252)
c:\users\lockwar\source\repos\zadachabazovo\zadachabazovo\source.cpp(88): warning C4566: character represented by universal-character-name '\u043F' cannot be represented in the current code page (1252)
c:\users\lockwar\source\repos\zadachabazovo\zadachabazovo\source.cpp(88): warning C4566: character represented by universal-character-name '\u0445' cannot be represented in the current code page (1252)
  ZadachaBAZOVO.vcxproj -> C:\Users\Lockwar\source\repos\ZadachaBAZOVO\Debug\ZadachaBAZOVO.exe
