  Pirate.cpp
c:\users\lockwar\source\repos\tuvarna\birenoparti\pirate\pirate.cpp(13): error C2679: binary '>>': no operator found which takes a right-hand operand of type 'std::string *' (or there is no acceptable conversion)
  d:\visualstudio\vc\tools\msvc\14.11.25503\include\istream(475): note: could be 'std::basic_istream<char,std::char_traits<char>> &std::basic_istream<char,std::char_traits<char>>::operator >>(std::basic_streambuf<char,std::char_traits<char>> *)'
  d:\visualstudio\vc\tools\msvc\14.11.25503\include\istream(456): note: or       'std::basic_istream<char,std::char_traits<char>> &std::basic_istream<char,std::char_traits<char>>::operator >>(void *&)'
  d:\visualstudio\vc\tools\msvc\14.11.25503\include\istream(438): note: or       'std::basic_istream<char,std::char_traits<char>> &std::basic_istream<char,std::char_traits<char>>::operator >>(long double &)'
  d:\visualstudio\vc\tools\msvc\14.11.25503\include\istream(420): note: or       'std::basic_istream<char,std::char_traits<char>> &std::basic_istream<char,std::char_traits<char>>::operator >>(double &)'
  d:\visualstudio\vc\tools\msvc\14.11.25503\include\istream(401): note: or       'std::basic_istream<char,std::char_traits<char>> &std::basic_istream<char,std::char_traits<char>>::operator >>(float &)'
  d:\visualstudio\vc\tools\msvc\14.11.25503\include\istream(383): note: or       'std::basic_istream<char,std::char_traits<char>> &std::basic_istream<char,std::char_traits<char>>::operator >>(unsigned __int64 &)'
  d:\visualstudio\vc\tools\msvc\14.11.25503\include\istream(364): note: or       'std::basic_istream<char,std::char_traits<char>> &std::basic_istream<char,std::char_traits<char>>::operator >>(__int64 &)'
  d:\visualstudio\vc\tools\msvc\14.11.25503\include\istream(345): note: or       'std::basic_istream<char,std::char_traits<char>> &std::basic_istream<char,std::char_traits<char>>::operator >>(unsigned long &)'
  d:\visualstudio\vc\tools\msvc\14.11.25503\include\istream(327): note: or       'std::basic_istream<char,std::char_traits<char>> &std::basic_istream<char,std::char_traits<char>>::operator >>(long &)'
  d:\visualstudio\vc\tools\msvc\14.11.25503\include\istream(309): note: or       'std::basic_istream<char,std::char_traits<char>> &std::basic_istream<char,std::char_traits<char>>::operator >>(unsigned int &)'
  d:\visualstudio\vc\tools\msvc\14.11.25503\include\istream(283): note: or       'std::basic_istream<char,std::char_traits<char>> &std::basic_istream<char,std::char_traits<char>>::operator >>(int &)'
  d:\visualstudio\vc\tools\msvc\14.11.25503\include\istream(264): note: or       'std::basic_istream<char,std::char_traits<char>> &std::basic_istream<char,std::char_traits<char>>::operator >>(unsigned short &)'
  d:\visualstudio\vc\tools\msvc\14.11.25503\include\istream(229): note: or       'std::basic_istream<char,std::char_traits<char>> &std::basic_istream<char,std::char_traits<char>>::operator >>(short &)'
  d:\visualstudio\vc\tools\msvc\14.11.25503\include\istream(210): note: or       'std::basic_istream<char,std::char_traits<char>> &std::basic_istream<char,std::char_traits<char>>::operator >>(bool &)'
  d:\visualstudio\vc\tools\msvc\14.11.25503\include\istream(204): note: or       'std::basic_istream<char,std::char_traits<char>> &std::basic_istream<char,std::char_traits<char>>::operator >>(std::ios_base &(__cdecl *)(std::ios_base &))'
  d:\visualstudio\vc\tools\msvc\14.11.25503\include\istream(198): note: or       'std::basic_istream<char,std::char_traits<char>> &std::basic_istream<char,std::char_traits<char>>::operator >>(std::basic_ios<char,std::char_traits<char>> &(__cdecl *)(std::basic_ios<char,std::char_traits<char>> &))'
  d:\visualstudio\vc\tools\msvc\14.11.25503\include\istream(193): note: or       'std::basic_istream<char,std::char_traits<char>> &std::basic_istream<char,std::char_traits<char>>::operator >>(std::basic_istream<char,std::char_traits<char>> &(__cdecl *)(std::basic_istream<char,std::char_traits<char>> &))'
  d:\visualstudio\vc\tools\msvc\14.11.25503\include\istream(1092): note: or       'std::basic_istream<char,std::char_traits<char>> &std::operator >><char,std::char_traits<char>,std::string*&>(std::basic_istream<char,std::char_traits<char>> &&,_Ty)'
          with
          [
              _Ty=std::string *&
          ]
  d:\visualstudio\vc\tools\msvc\14.11.25503\include\istream(1082): note: or       'std::basic_istream<char,std::char_traits<char>> &std::operator >><std::char_traits<char>>(std::basic_istream<char,std::char_traits<char>> &,unsigned char &)'
  d:\visualstudio\vc\tools\msvc\14.11.25503\include\istream(1075): note: or       'std::basic_istream<char,std::char_traits<char>> &std::operator >><std::char_traits<char>>(std::basic_istream<char,std::char_traits<char>> &,unsigned char *)'
  d:\visualstudio\vc\tools\msvc\14.11.25503\include\istream(1068): note: or       'std::basic_istream<char,std::char_traits<char>> &std::operator >><std::char_traits<char>>(std::basic_istream<char,std::char_traits<char>> &,signed char &)'
  d:\visualstudio\vc\tools\msvc\14.11.25503\include\istream(1061): note: or       'std::basic_istream<char,std::char_traits<char>> &std::operator >><std::char_traits<char>>(std::basic_istream<char,std::char_traits<char>> &,signed char *)'
  c:\users\lockwar\source\repos\tuvarna\birenoparti\pirate\pirate.cpp(13): note: while trying to match the argument list '(std::istream, std::string *)'
